Performing C SOURCE FILE Test CMAKE_HAVE_LIBC_PTHREAD failed with the following output:
Change Dir: /home/zhangziqian/Desktop/OS_Project/Project3/Assignment1/cmake-build-debug/CMakeFiles/CMakeTmp

Run Build Command(s):/home/zhangziqian/Documents/clion-2022.1/bin/ninja/linux/ninja cmTC_130c9 && [1/2] Building C object CMakeFiles/cmTC_130c9.dir/src.c.o
[2/2] Linking C executable cmTC_130c9
FAILED: cmTC_130c9 
: && /usr/bin/cc   CMakeFiles/cmTC_130c9.dir/src.c.o -o cmTC_130c9   && :
CMakeFiles/cmTC_130c9.dir/src.c.o: In function `main':
src.c:(.text+0x2d): undefined reference to `pthread_create'
src.c:(.text+0x39): undefined reference to `pthread_detach'
src.c:(.text+0x45): undefined reference to `pthread_cancel'
src.c:(.text+0x56): undefined reference to `pthread_join'
src.c:(.text+0x6a): undefined reference to `pthread_atfork'
collect2: error: ld returned 1 exit status
ninja: build stopped: subcommand failed.


Source file was:
#include <pthread.h>

static void* test_func(void* data)
{
  return data;
}

int main(void)
{
  pthread_t thread;
  pthread_create(&thread, NULL, test_func, NULL);
  pthread_detach(thread);
  pthread_cancel(thread);
  pthread_join(thread, NULL);
  pthread_atfork(NULL, NULL, NULL);
  pthread_exit(NULL);

  return 0;
}

Determining if the function pthread_create exists in the pthreads failed with the following output:
Change Dir: /home/zhangziqian/Desktop/OS_Project/Project3/Assignment1/cmake-build-debug/CMakeFiles/CMakeTmp

Run Build Command(s):/home/zhangziqian/Documents/clion-2022.1/bin/ninja/linux/ninja cmTC_1c87c && [1/2] Building C object CMakeFiles/cmTC_1c87c.dir/CheckFunctionExists.c.o
[2/2] Linking C executable cmTC_1c87c
FAILED: cmTC_1c87c 
: && /usr/bin/cc -DCHECK_FUNCTION_EXISTS=pthread_create  CMakeFiles/cmTC_1c87c.dir/CheckFunctionExists.c.o -o cmTC_1c87c  -lpthreads && :
/usr/bin/ld: cannot find -lpthreads
collect2: error: ld returned 1 exit status
ninja: build stopped: subcommand failed.



